<?xml version="1.0" encoding="UTF-8"?>
<!-- Generated by org.testng.reporters.JUnitXMLReporter -->
<testsuite ignored="0" hostname="LAPTOP-1DSDOME4" failures="0" tests="4" name="Life" time="0.049" errors="0" timestamp="2021-08-21T17:06:16 IST">
  <testcase classname="testNG.TestOne" name="One" time="0.007"/>
  <testcase classname="testNG.TestOne" name="Two" time="0.001"/>
  <testcase classname="testNG.TestTwo" name="Java" time="0.002"/>
  <testcase classname="testNG.TestTwo" name="SQL" time="0.001"/>
</testsuite> <!-- Life -->
