<?xml version="1.0" encoding="UTF-8"?>
<!-- Generated by org.testng.reporters.JUnitXMLReporter -->
<testsuite ignored="0" hostname="LAPTOP-1DSDOME4" failures="0" tests="7" name="Default test" time="0.061" errors="0" timestamp="2021-08-22T17:58:45 IST">
  <testcase classname="CrossCutting.DocumentManagement" name="DocBatch" time="0.004"/>
  <testcase classname="CrossCutting.DocumentManagement" name="DocCreatecm" time="0.001"/>
  <testcase classname="CrossCutting.DocumentManagement" name="DocIPP" time="0.001"/>
  <testcase classname="CrossCutting.DocumentManagement" name="Paymentsch" time="0.001"/>
  <testcase classname="CrossCutting.DocumentManagement" name="Paymentsch" time="0.001"/>
  <testcase classname="CrossCutting.DocumentManagement" name="Paymentsch" time="0.005"/>
  <testcase classname="CrossCutting.DocumentManagement" name="Sepa" time="0.001"/>
</testsuite> <!-- Default test -->
