<?xml version="1.0" encoding="UTF-8"?>
<!-- Generated by org.testng.reporters.JUnitXMLReporter -->
<testsuite ignored="0" hostname="LAPTOP-1DSDOME4" failures="0" tests="4" name="StudyPhase" time="0.045" errors="0" timestamp="2021-08-21T17:09:30 IST">
  <testcase classname="testNG.TestOne" name="One" time="0.006"/>
  <testcase classname="testNG.TestOne" name="Two" time="0.001"/>
  <testcase classname="testNG.TestTwo" name="Diploma1" time="0.001"/>
  <testcase classname="testNG.TestTwo" name="Diploma2" time="0.0"/>
</testsuite> <!-- StudyPhase -->
