<?xml version="1.0" encoding="UTF-8"?>
<!-- Generated by org.testng.reporters.JUnitXMLReporter -->
<testsuite ignored="0" hostname="LAPTOP-1DSDOME4" failures="0" tests="19" name="Fuctions" time="0.061" errors="0" timestamp="2021-08-21T20:49:33 IST">
  <testcase classname="CrossCutting.DocumentManagement" name="DocBatch" time="0.005"/>
  <testcase classname="CrossCutting.DocumentManagement" name="DocCreatecm" time="0.001"/>
  <testcase classname="CrossCutting.DocumentManagement" name="DocIPP" time="0.001"/>
  <testcase classname="CrossCutting.DocumentManagement" name="Paymentsch" time="0.0"/>
  <testcase classname="CrossCutting.DocumentManagement" name="Sepa" time="0.0"/>
  <testcase classname="CrossCutting.Finance" name="CCSucess" time="0.001"/>
  <testcase classname="CrossCutting.Finance" name="CCrejection" time="0.001"/>
  <testcase classname="CrossCutting.Finance" name="FinaceCC" time="0.001"/>
  <testcase classname="CrossCutting.Finance" name="FinanceDD" time="0.0"/>
  <testcase classname="CrossCutting.Finance" name="FinancePS" time="0.0"/>
  <testcase classname="CrossCutting.FndManagement" name="Delete" time="0.001"/>
  <testcase classname="CrossCutting.FndManagement" name="FndClaimBO" time="0.0"/>
  <testcase classname="CrossCutting.FndManagement" name="FndContractBO" time="0.0"/>
  <testcase classname="CrossCutting.FndManagement" name="FndPersonBO" time="0.0"/>
  <testcase classname="CrossCutting.FndManagement" name="Move" time="0.001"/>
  <testcase classname="CrossCutting.TaskManagement" name="Automatictask" time="0.0"/>
  <testcase classname="CrossCutting.TaskManagement" name="TaskAdd" time="0.001"/>
  <testcase classname="CrossCutting.TaskManagement" name="TaskNote" time="0.001"/>
  <testcase classname="CrossCutting.TaskManagement" name="Taskdelete" time="0.001"/>
</testsuite> <!-- Fuctions -->
