<?xml version="1.0" encoding="UTF-8"?>
<!-- Generated by org.testng.reporters.JUnitXMLReporter -->
<testsuite ignored="1" hostname="LAPTOP-1DSDOME4" failures="4" tests="20" name="Function" time="0.139" errors="0" timestamp="2021-08-22T18:30:58 IST">
  <testcase classname="CrossCutting.Finance" name="CCSucess" time="0.004"/>
  <testcase classname="CrossCutting.Finance" name="CCrejection" time="0.004">
    <failure type="java.lang.AssertionError" message="expected [true] but found [false]">
      <![CDATA[java.lang.AssertionError: expected [true] but found [false]
at CrossCutting.Finance.CCrejection(Finance.java:33)
at java.base/java.util.ArrayList.forEach(ArrayList.java:1511)
... Removed 31 stack frames]]>
    </failure>
  </testcase> <!-- CCrejection -->
  <testcase classname="CrossCutting.Finance" name="FinaceCC" time="0.001"/>
  <testcase classname="CrossCutting.Finance" name="FinanceDD" time="0.0">
    <failure type="org.testng.TestNGException" message="
Parameter &amp;apos;urlone&amp;apos; is required by @Test on method FinanceDD but has not been marked @Optional or defined
in C:\Users\akash\eclipse-workspace\TestNg\testngfour.xml">
      <![CDATA[org.testng.TestNGException: 
Parameter 'urlone' is required by @Test on method FinanceDD but has not been marked @Optional or defined
in C:\Users\akash\eclipse-workspace\TestNg\testngfour.xml
at java.base/java.util.ArrayList.forEach(ArrayList.java:1511)
... Removed 26 stack frames]]>
    </failure>
  </testcase> <!-- FinanceDD -->
  <testcase classname="CrossCutting.Finance" name="FinancePS" time="0.002"/>
  <testcase classname="CrossCutting.DocumentManagement" name="DocBatch" time="0.001"/>
  <testcase classname="CrossCutting.DocumentManagement" name="DocCreatecm" time="0.001"/>
  <testcase classname="CrossCutting.DocumentManagement" name="DocIPP" time="0.001"/>
  <testcase classname="CrossCutting.DocumentManagement" name="Paymentsch" time="0.002"/>
  <testcase classname="CrossCutting.DocumentManagement" name="Paymentsch" time="0.001"/>
  <testcase classname="CrossCutting.DocumentManagement" name="Paymentsch" time="0.0"/>
  <testcase classname="CrossCutting.DocumentManagement" name="Sepa" time="0.001"/>
  <testcase classname="CrossCutting.TaskManagement" name="Automatictask" time="0.001"/>
  <testcase classname="CrossCutting.TaskManagement" name="TaskAdd" time="0.0">
    <failure type="org.testng.TestNGException" message="
Parameter &amp;apos;urltwo&amp;apos; is required by @Test on method TaskAdd but has not been marked @Optional or defined
in C:\Users\akash\eclipse-workspace\TestNg\testngfour.xml">
      <![CDATA[org.testng.TestNGException: 
Parameter 'urltwo' is required by @Test on method TaskAdd but has not been marked @Optional or defined
in C:\Users\akash\eclipse-workspace\TestNg\testngfour.xml
at java.base/java.util.ArrayList.forEach(ArrayList.java:1511)
... Removed 26 stack frames]]>
    </failure>
  </testcase> <!-- TaskAdd -->
  <testcase classname="CrossCutting.TaskManagement" name="TaskNote" time="0.001"/>
  <testcase classname="CrossCutting.TaskManagement" name="Taskdelete" time="0.0">
    <failure type="org.testng.TestNGException" message="
Parameter &amp;apos;url&amp;apos; is required by @Test on method Taskdelete but has not been marked @Optional or defined
in C:\Users\akash\eclipse-workspace\TestNg\testngfour.xml">
      <![CDATA[org.testng.TestNGException: 
Parameter 'url' is required by @Test on method Taskdelete but has not been marked @Optional or defined
in C:\Users\akash\eclipse-workspace\TestNg\testngfour.xml
at java.base/java.util.ArrayList.forEach(ArrayList.java:1511)
... Removed 26 stack frames]]>
    </failure>
  </testcase> <!-- Taskdelete -->
  <testcase classname="CrossCutting.FndManagement" name="FndPersonBO" time="0.004"/>
  <testcase classname="CrossCutting.FndManagement" name="Delete" time="0.001"/>
  <testcase classname="CrossCutting.FndManagement" name="FndClaimBO" time="0.001"/>
  <testcase classname="CrossCutting.FndManagement" name="FndContractBO" time="0.0"/>
  <testcase classname="CrossCutting.FndManagement" name="Move" time="0.0">
    <ignored/>
  </testcase> <!-- Move -->
</testsuite> <!-- Function -->
