<?xml version="1.0" encoding="UTF-8"?>
<!-- Generated by org.testng.reporters.JUnitXMLReporter -->
<testsuite ignored="1" hostname="LAPTOP-1DSDOME4" failures="0" tests="8" name="functiontwo" time="0.058" errors="0" timestamp="2021-08-22T20:04:46 IST">
  <testcase classname="CrossCutting.TaskManagement" name="Automatictask" time="0.006"/>
  <testcase classname="CrossCutting.TaskManagement" name="TaskAdd" time="0.001"/>
  <testcase classname="CrossCutting.TaskManagement" name="TaskNote" time="0.001"/>
  <testcase classname="CrossCutting.TaskManagement" name="Taskdelete" time="0.002"/>
  <testcase classname="CrossCutting.FndManagement" name="FndPersonBO" time="0.003"/>
  <testcase classname="CrossCutting.FndManagement" name="Delete" time="0.001"/>
  <testcase classname="CrossCutting.FndManagement" name="FndClaimBO" time="0.001"/>
  <testcase classname="CrossCutting.FndManagement" name="FndContractBO" time="0.002"/>
  <testcase classname="CrossCutting.FndManagement" name="Move" time="0.0">
    <ignored/>
  </testcase> <!-- Move -->
</testsuite> <!-- functiontwo -->
