<?xml version="1.0" encoding="UTF-8"?>
<!-- Generated by org.testng.reporters.JUnitXMLReporter -->
<testsuite ignored="9" hostname="LAPTOP-1DSDOME4" failures="0" tests="10" name="Regression" time="0.015" errors="0" timestamp="2021-08-21T20:48:23 IST">
  <testcase classname="CrossCutting.DocumentManagement" name="Paymentsch" time="0.001"/>
  <testcase classname="CrossCutting.DocumentManagement" name="Sepa" time="0.0"/>
  <testcase classname="CrossCutting.Finance" name="CCSucess" time="0.001"/>
  <testcase classname="CrossCutting.Finance" name="CCrejection" time="0.0"/>
  <testcase classname="CrossCutting.FndManagement" name="Delete" time="0.0"/>
  <testcase classname="CrossCutting.FndManagement" name="Move" time="0.0"/>
  <testcase classname="CrossCutting.TaskManagement" name="Automatictask" time="0.0"/>
  <testcase classname="CrossCutting.TaskManagement" name="TaskAdd" time="0.0"/>
  <testcase classname="CrossCutting.TaskManagement" name="TaskNote" time="0.002"/>
  <testcase classname="CrossCutting.TaskManagement" name="Taskdelete" time="0.001"/>
  <testcase classname="CrossCutting.Finance" name="FinancePS" time="0.0">
    <ignored/>
  </testcase> <!-- FinancePS -->
  <testcase classname="CrossCutting.DocumentManagement" name="DocBatch" time="0.0">
    <ignored/>
  </testcase> <!-- DocBatch -->
  <testcase classname="CrossCutting.FndManagement" name="FndPersonBO" time="0.0">
    <ignored/>
  </testcase> <!-- FndPersonBO -->
  <testcase classname="CrossCutting.DocumentManagement" name="DocIPP" time="0.0">
    <ignored/>
  </testcase> <!-- DocIPP -->
  <testcase classname="CrossCutting.Finance" name="FinanceDD" time="0.0">
    <ignored/>
  </testcase> <!-- FinanceDD -->
  <testcase classname="CrossCutting.DocumentManagement" name="DocCreatecm" time="0.0">
    <ignored/>
  </testcase> <!-- DocCreatecm -->
  <testcase classname="CrossCutting.FndManagement" name="FndClaimBO" time="0.0">
    <ignored/>
  </testcase> <!-- FndClaimBO -->
  <testcase classname="CrossCutting.FndManagement" name="FndContractBO" time="0.0">
    <ignored/>
  </testcase> <!-- FndContractBO -->
  <testcase classname="CrossCutting.Finance" name="FinaceCC" time="0.0">
    <ignored/>
  </testcase> <!-- FinaceCC -->
</testsuite> <!-- Regression -->
