<?xml version="1.0" encoding="UTF-8"?>
<!-- Generated by org.testng.reporters.JUnitXMLReporter -->
<testsuite ignored="4" hostname="LAPTOP-1DSDOME4" failures="0" tests="5" name="Smoke" time="0.04" errors="0" timestamp="2021-08-21T20:48:23 IST">
  <testcase classname="CrossCutting.DocumentManagement" name="DocBatch" time="0.005"/>
  <testcase classname="CrossCutting.DocumentManagement" name="DocCreatecm" time="0.001"/>
  <testcase classname="CrossCutting.DocumentManagement" name="DocIPP" time="0.001"/>
  <testcase classname="CrossCutting.DocumentManagement" name="Sepa" time="0.001"/>
  <testcase classname="CrossCutting.TaskManagement" name="Automatictask" time="0.0"/>
  <testcase classname="CrossCutting.TaskManagement" name="TaskNote" time="0.0">
    <ignored/>
  </testcase> <!-- TaskNote -->
  <testcase classname="CrossCutting.DocumentManagement" name="Paymentsch" time="0.0">
    <ignored/>
  </testcase> <!-- Paymentsch -->
  <testcase classname="CrossCutting.TaskManagement" name="TaskAdd" time="0.0">
    <ignored/>
  </testcase> <!-- TaskAdd -->
  <testcase classname="CrossCutting.TaskManagement" name="Taskdelete" time="0.0">
    <ignored/>
  </testcase> <!-- Taskdelete -->
</testsuite> <!-- Smoke -->
